<?xml version="1.0" encoding="UTF-8"?>
<!-- Generated by org.testng.reporters.JUnitReportReporter -->
<testsuite hostname="Raashids-MacBook-Air.local" failures="0" tests="1" name="test.ShopTest" time="92.773" errors="0" timestamp="08 Nov. 2023 21:54:24 GMT" skipped="0">
  <testcase classname="test.ShopTest" name="AddProduct" time="92.773"/>
</testsuite> <!-- test.ShopTest -->
