<?xml version="1.0" encoding="UTF-8"?>
<!-- Generated by org.testng.reporters.JUnitReportReporter -->
<testsuite hostname="Raashids-MacBook-Air.local" failures="0" tests="1" name="test.LandingTest" time="23.298" errors="0" timestamp="08 Nov. 2023 21:54:24 GMT" skipped="0">
  <testcase classname="test.LandingTest" name="navClick" time="23.298"/>
</testsuite> <!-- test.LandingTest -->
